#
# There is insufficient memory for the Java Runtime Environment to continue.
# Native memory allocation (malloc) failed to allocate 850736 bytes for Chunk::new
# Possible reasons:
#   The system is out of physical RAM or swap space
#   In 32 bit mode, the process size limit was hit
# Possible solutions:
#   Reduce memory load on the system
#   Increase physical memory or swap space
#   Check if swap backing store is full
#   Use 64 bit Java on a 64 bit OS
#   Decrease Java heap size (-Xmx/-Xms)
#   Decrease number of Java threads
#   Decrease Java thread stack sizes (-Xss)
#   Set larger code cache with -XX:ReservedCodeCacheSize=
# This output file may be truncated or incomplete.
#
#  Out of Memory Error (allocation.cpp:390), pid=8724, tid=2724
#
# JRE version: Java(TM) SE Runtime Environment (8.0_20-b26) (build 1.8.0_20-b26)
# Java VM: Java HotSpot(TM) 64-Bit Server VM (25.20-b23 mixed mode windows-amd64 compressed oops)
# Failed to write core dump. Minidumps are not enabled by default on client versions of Windows
#

---------------  T H R E A D  ---------------

Current thread (0x000000000613d000):  JavaThread "C2 CompilerThread0" daemon [_thread_in_native, id=2724, stack(0x00000000076d0000,0x00000000077d0000)]

Stack: [0x00000000076d0000,0x00000000077d0000]
Native frames: (J=compiled Java code, j=interpreted, Vv=VM code, C=native code)
V  [jvm.dll+0x3152fa]
V  [jvm.dll+0x265d03]
V  [jvm.dll+0x266943]
V  [jvm.dll+0x25e265]
V  [jvm.dll+0xbe255]
V  [jvm.dll+0xbe6fc]
V  [jvm.dll+0x45c472]
V  [jvm.dll+0x49d76f]
V  [jvm.dll+0x451438]
V  [jvm.dll+0x452634]
V  [jvm.dll+0x435fc2]
V  [jvm.dll+0x97b62]
V  [jvm.dll+0x98353]
V  [jvm.dll+0x22aac4]
V  [jvm.dll+0x283f5a]
C  [msvcr100.dll+0x21d9f]
C  [msvcr100.dll+0x21e3b]
C  [KERNEL32.DLL+0x13d2]
C  [ntdll.dll+0x6e954]


Current CompileTask:
C2:  16474 1838       4       com.android.dx.ssa.SsaConverter::placePhiFunctions (394 bytes)


---------------  P R O C E S S  ---------------

Java Threads: ( => current thread )
  0x00000000079d5000 JavaThread "Service Thread" daemon [_thread_blocked, id=6648, stack(0x0000000007dd0000,0x0000000007ed0000)]
  0x000000000619c800 JavaThread "C1 CompilerThread2" daemon [_thread_blocked, id=2696, stack(0x00000000078d0000,0x00000000079d0000)]
  0x0000000006174000 JavaThread "C2 CompilerThread1" daemon [_thread_in_native, id=6044, stack(0x00000000077d0000,0x00000000078d0000)]
=>0x000000000613d000 JavaThread "C2 CompilerThread0" daemon [_thread_in_native, id=2724, stack(0x00000000076d0000,0x00000000077d0000)]
  0x000000000613b800 JavaThread "Attach Listener" daemon [_thread_blocked, id=9724, stack(0x00000000075d0000,0x00000000076d0000)]
  0x000000000613b000 JavaThread "Signal Dispatcher" daemon [_thread_blocked, id=8820, stack(0x00000000074d0000,0x00000000075d0000)]
  0x0000000002a64000 JavaThread "Finalizer" daemon [_thread_blocked, id=9272, stack(0x00000000073b0000,0x00000000074b0000)]
  0x0000000002a5b000 JavaThread "Reference Handler" daemon [_thread_blocked, id=9948, stack(0x00000000072b0000,0x00000000073b0000)]
  0x0000000000e3d800 JavaThread "main" [_thread_in_Java, id=4592, stack(0x0000000002870000,0x0000000002970000)]

Other Threads:
  0x0000000006106000 VMThread [stack: 0x00000000071b0000,0x00000000072b0000] [id=3744]
  0x00000000079d7800 WatcherThread [stack: 0x0000000007ed0000,0x0000000007fd0000] [id=4060]

VM state:not at safepoint (normal execution)

VM Mutex/Monitor currently owned by a thread: None

Heap:
 PSYoungGen      total 161792K, used 72059K [0x00000000eab00000, 0x0000000100000000, 0x0000000100000000)
  eden space 113152K, 63% used [0x00000000eab00000,0x00000000ef15ec18,0x00000000f1980000)
  from space 48640K, 0% used [0x00000000f1980000,0x00000000f1980000,0x00000000f4900000)
  to   space 74240K, 0% used [0x00000000fb780000,0x00000000fb780000,0x0000000100000000)
 ParOldGen       total 113152K, used 57225K [0x00000000c0000000, 0x00000000c6e80000, 0x00000000eab00000)
  object space 113152K, 50% used [0x00000000c0000000,0x00000000c37e27c8,0x00000000c6e80000)
 Metaspace       used 5717K, capacity 6960K, committed 7040K, reserved 1056768K
  class space    used 550K, capacity 616K, committed 640K, reserved 1048576K

Card table byte_map: [0x0000000002e30000,0x0000000003040000] byte_map_base: 0x0000000002830000

Marking Bits: (ParMarkBitMap*) 0x000000006c4eb460
 Begin Bits: [0x00000000035a0000, 0x00000000045a0000)
 End Bits:   [0x00000000045a0000, 0x00000000055a0000)

Polling page: 0x0000000000dd0000

CodeCache: size=245760Kb used=5936Kb max_used=8202Kb free=239823Kb
 bounds [0x000000000f010000, 0x000000000f830000, 0x000000001e010000]
 total_blobs=1619 nmethods=1359 adapters=174
 compilation: enabled

Compilation events (10 events):
Event: 15.689 Thread 0x0000000006174000 nmethod 1836 0x000000000f59e890 code [0x000000000f59ea00, 0x000000000f59ecb8]
Event: 16.271 Thread 0x000000000613d000 nmethod 1835% 0x000000000f445ad0 code [0x000000000f445d40, 0x000000000f446c00]
Event: 16.293 Thread 0x0000000006174000 1837 %     4       com.android.dx.ssa.SsaConverter::edgeSplitSuccessors @ 12 (98 bytes)
Event: 16.320 Thread 0x0000000006174000 nmethod 1837% 0x000000000f1de990 code [0x000000000f1deb60, 0x000000000f1df6f8]
Event: 16.321 Thread 0x000000000613d000 1838       4       com.android.dx.ssa.SsaConverter::placePhiFunctions (394 bytes)
Event: 16.336 Thread 0x0000000006174000 1839 %     4       com.android.dx.ssa.SsaMethod::forEachBlockDepthFirstDom @ 32 (128 bytes)
Event: 16.378 Thread 0x0000000006174000 nmethod 1839% 0x000000000f4c6c10 code [0x000000000f4c6e20, 0x000000000f4c7fa8]
Event: 16.378 Thread 0x0000000006174000 1840       4       com.android.dx.ssa.SCCP::run (298 bytes)
Event: 16.392 Thread 0x000000000619c800 1841       3       com.android.dx.ssa.SCCP::replaceBranches (142 bytes)
Event: 16.394 Thread 0x000000000619c800 nmethod 1841 0x000000000f38ac90 code [0x000000000f38aee0, 0x000000000f38be68]

GC Heap History (10 events):
Event: 11.251 GC heap before
{Heap before GC invocations=5 (full 1):
 PSYoungGen      total 70656K, used 5117K [0x00000000eab00000, 0x00000000f3500000, 0x0000000100000000)
  eden space 65536K, 0% used [0x00000000eab00000,0x00000000eab00000,0x00000000eeb00000)
  from space 5120K, 99% used [0x00000000ef000000,0x00000000ef4ff4d8,0x00000000ef500000)
  to   space 5120K, 0% used [0x00000000eeb00000,0x00000000eeb00000,0x00000000ef000000)
 ParOldGen       total 86016K, used 81926K [0x00000000c0000000, 0x00000000c5400000, 0x00000000eab00000)
  object space 86016K, 95% used [0x00000000c0000000,0x00000000c5001b70,0x00000000c5400000)
 Metaspace       used 5583K, capacity 6832K, committed 7040K, reserved 1056768K
  class space    used 548K, capacity 616K, committed 640K, reserved 1048576K
Event: 11.455 GC heap after
Heap after GC invocations=5 (full 1):
 PSYoungGen      total 70656K, used 0K [0x00000000eab00000, 0x00000000f3500000, 0x0000000100000000)
  eden space 65536K, 0% used [0x00000000eab00000,0x00000000eab00000,0x00000000eeb00000)
  from space 5120K, 0% used [0x00000000ef000000,0x00000000ef000000,0x00000000ef500000)
  to   space 5120K, 0% used [0x00000000eeb00000,0x00000000eeb00000,0x00000000ef000000)
 ParOldGen       total 113152K, used 41485K [0x00000000c0000000, 0x00000000c6e80000, 0x00000000eab00000)
  object space 113152K, 36% used [0x00000000c0000000,0x00000000c2883650,0x00000000c6e80000)
 Metaspace       used 5583K, capacity 6832K, committed 7040K, reserved 1056768K
  class space    used 548K, capacity 616K, committed 640K, reserved 1048576K
}
Event: 11.868 GC heap before
{Heap before GC invocations=6 (full 1):
 PSYoungGen      total 70656K, used 65536K [0x00000000eab00000, 0x00000000f3500000, 0x0000000100000000)
  eden space 65536K, 100% used [0x00000000eab00000,0x00000000eeb00000,0x00000000eeb00000)
  from space 5120K, 0% used [0x00000000ef000000,0x00000000ef000000,0x00000000ef500000)
  to   space 5120K, 0% used [0x00000000eeb00000,0x00000000eeb00000,0x00000000ef000000)
 ParOldGen       total 113152K, used 41485K [0x00000000c0000000, 0x00000000c6e80000, 0x00000000eab00000)
  object space 113152K, 36% used [0x00000000c0000000,0x00000000c2883650,0x00000000c6e80000)
 Metaspace       used 5589K, capacity 6832K, committed 7040K, reserved 1056768K
  class space    used 548K, capacity 616K, committed 640K, reserved 1048576K
Event: 11.889 GC heap after
Heap after GC invocations=6 (full 1):
 PSYoungGen      total 70656K, used 5113K [0x00000000eab00000, 0x00000000f7000000, 0x0000000100000000)
  eden space 65536K, 0% used [0x00000000eab00000,0x00000000eab00000,0x00000000eeb00000)
  from space 5120K, 99% used [0x00000000eeb00000,0x00000000eeffe6b0,0x00000000ef000000)
  to   space 39936K, 0% used [0x00000000f4900000,0x00000000f4900000,0x00000000f7000000)
 ParOldGen       total 113152K, used 51062K [0x00000000c0000000, 0x00000000c6e80000, 0x00000000eab00000)
  object space 113152K, 45% used [0x00000000c0000000,0x00000000c31dd928,0x00000000c6e80000)
 Metaspace       used 5589K, capacity 6832K, committed 7040K, reserved 1056768K
  class space    used 548K, capacity 616K, committed 640K, reserved 1048576K
}
Event: 14.766 GC heap before
{Heap before GC invocations=7 (full 1):
 PSYoungGen      total 70656K, used 70649K [0x00000000eab00000, 0x00000000f7000000, 0x0000000100000000)
  eden space 65536K, 100% used [0x00000000eab00000,0x00000000eeb00000,0x00000000eeb00000)
  from space 5120K, 99% used [0x00000000eeb00000,0x00000000eeffe6b0,0x00000000ef000000)
  to   space 39936K, 0% used [0x00000000f4900000,0x00000000f4900000,0x00000000f7000000)
 ParOldGen       total 113152K, used 51062K [0x00000000c0000000, 0x00000000c6e80000, 0x00000000eab00000)
  object space 113152K, 45% used [0x00000000c0000000,0x00000000c31dd928,0x00000000c6e80000)
 Metaspace       used 5715K, capacity 6960K, committed 7040K, reserved 1056768K
  class space    used 550K, capacity 616K, committed 640K, reserved 1048576K
Event: 14.805 GC heap after
Heap after GC invocations=7 (full 1):
 PSYoungGen      total 153088K, used 39915K [0x00000000eab00000, 0x00000000f7f00000, 0x0000000100000000)
  eden space 113152K, 0% used [0x00000000eab00000,0x00000000eab00000,0x00000000f1980000)
  from space 39936K, 99% used [0x00000000f4900000,0x00000000f6ffad08,0x00000000f7000000)
  to   space 48640K, 0% used [0x00000000f1980000,0x00000000f1980000,0x00000000f4900000)
 ParOldGen       total 113152K, used 54728K [0x00000000c0000000, 0x00000000c6e80000, 0x00000000eab00000)
  object space 113152K, 48% used [0x00000000c0000000,0x00000000c3572328,0x00000000c6e80000)
 Metaspace       used 5715K, capacity 6960K, committed 7040K, reserved 1056768K
  class space    used 550K, capacity 616K, committed 640K, reserved 1048576K
}
Event: 15.716 GC heap before
{Heap before GC invocations=8 (full 1):
 PSYoungGen      total 153088K, used 153067K [0x00000000eab00000, 0x00000000f7f00000, 0x0000000100000000)
  eden space 113152K, 100% used [0x00000000eab00000,0x00000000f1980000,0x00000000f1980000)
  from space 39936K, 99% used [0x00000000f4900000,0x00000000f6ffad08,0x00000000f7000000)
  to   space 48640K, 0% used [0x00000000f1980000,0x00000000f1980000,0x00000000f4900000)
 ParOldGen       total 113152K, used 54728K [0x00000000c0000000, 0x00000000c6e80000, 0x00000000eab00000)
  object space 113152K, 48% used [0x00000000c0000000,0x00000000c3572328,0x00000000c6e80000)
 Metaspace       used 5716K, capacity 6960K, committed 7040K, reserved 1056768K
  class space    used 550K, capacity 616K, committed 640K, reserved 1048576K
Event: 15.807 GC heap after
Heap after GC invocations=8 (full 1):
 PSYoungGen      total 161792K, used 48610K [0x00000000eab00000, 0x0000000100000000, 0x0000000100000000)
  eden space 113152K, 0% used [0x00000000eab00000,0x00000000eab00000,0x00000000f1980000)
  from space 48640K, 99% used [0x00000000f1980000,0x00000000f48f8838,0x00000000f4900000)
  to   space 74240K, 0% used [0x00000000fb780000,0x00000000fb780000,0x0000000100000000)
 ParOldGen       total 113152K, used 89379K [0x00000000c0000000, 0x00000000c6e80000, 0x00000000eab00000)
  object space 113152K, 78% used [0x00000000c0000000,0x00000000c5748f38,0x00000000c6e80000)
 Metaspace       used 5716K, capacity 6960K, committed 7040K, reserved 1056768K
  class space    used 550K, capacity 616K, committed 640K, reserved 1048576K
}
Event: 15.807 GC heap before
{Heap before GC invocations=9 (full 2):
 PSYoungGen      total 161792K, used 48610K [0x00000000eab00000, 0x0000000100000000, 0x0000000100000000)
  eden space 113152K, 0% used [0x00000000eab00000,0x00000000eab00000,0x00000000f1980000)
  from space 48640K, 99% used [0x00000000f1980000,0x00000000f48f8838,0x00000000f4900000)
  to   space 74240K, 0% used [0x00000000fb780000,0x00000000fb780000,0x0000000100000000)
 ParOldGen       total 113152K, used 89379K [0x00000000c0000000, 0x00000000c6e80000, 0x00000000eab00000)
  object space 113152K, 78% used [0x00000000c0000000,0x00000000c5748f38,0x00000000c6e80000)
 Metaspace       used 5716K, capacity 6960K, committed 7040K, reserved 1056768K
  class space    used 550K, capacity 616K, committed 640K, reserved 1048576K
Event: 16.269 GC heap after
Heap after GC invocations=9 (full 2):
 PSYoungGen      total 161792K, used 0K [0x00000000eab00000, 0x0000000100000000, 0x0000000100000000)
  eden space 113152K, 0% used [0x00000000eab00000,0x00000000eab00000,0x00000000f1980000)
  from space 48640K, 0% used [0x00000000f1980000,0x00000000f1980000,0x00000000f4900000)
  to   space 74240K, 0% used [0x00000000fb780000,0x00000000fb780000,0x0000000100000000)
 ParOldGen       total 113152K, used 57225K [0x00000000c0000000, 0x00000000c6e80000, 0x00000000eab00000)
  object space 113152K, 50% used [0x00000000c0000000,0x00000000c37e27c8,0x00000000c6e80000)
 Metaspace       used 5716K, capacity 6960K, committed 7040K, reserved 1056768K
  class space    used 550K, capacity 616K, committed 640K, reserved 1048576K
}

Deoptimization events (10 events):
Event: 13.417 Thread 0x0000000000e3d800 Uncommon trap: reason=class_check action=maybe_recompile pc=0x000000000f5e5a0c method=com.android.dx.ssa.NormalSsaInsn.accept(Lcom/android/dx/ssa/SsaInsn$Visitor;)V @ 9
Event: 13.446 Thread 0x0000000000e3d800 Uncommon trap: reason=unreached action=reinterpret pc=0x000000000f67d834 method=com.android.dx.cf.code.Ropper.processBlock(Lcom/android/dx/cf/code/ByteBlock;Lcom/android/dx/cf/code/Frame;[I)V @ 963
Event: 14.168 Thread 0x0000000000e3d800 Uncommon trap: reason=bimorphic action=maybe_recompile pc=0x000000000f6959c8 method=com.android.dx.cf.code.BytecodeArray.parseInstruction(ILcom/android/dx/cf/code/BytecodeArray$Visitor;)I @ 1501
Event: 14.168 Thread 0x0000000000e3d800 Uncommon trap: reason=bimorphic action=maybe_recompile pc=0x000000000f6959c8 method=com.android.dx.cf.code.BytecodeArray.parseInstruction(ILcom/android/dx/cf/code/BytecodeArray$Visitor;)I @ 1501
Event: 14.174 Thread 0x0000000000e3d800 Uncommon trap: reason=bimorphic action=maybe_recompile pc=0x000000000f696904 method=com.android.dx.cf.code.BytecodeArray.parseInstruction(ILcom/android/dx/cf/code/BytecodeArray$Visitor;)I @ 1357
Event: 14.174 Thread 0x0000000000e3d800 Uncommon trap: reason=bimorphic action=maybe_recompile pc=0x000000000f696904 method=com.android.dx.cf.code.BytecodeArray.parseInstruction(ILcom/android/dx/cf/code/BytecodeArray$Visitor;)I @ 1357
Event: 14.187 Thread 0x0000000000e3d800 Uncommon trap: reason=class_check action=maybe_recompile pc=0x000000000f745f10 method=com.android.dx.ssa.SCCP.simulateMath(Lcom/android/dx/ssa/SsaInsn;I)Lcom/android/dx/rop/cst/Constant; @ 67
Event: 14.187 Thread 0x0000000000e3d800 Uncommon trap: reason=class_check action=maybe_recompile pc=0x000000000f745f10 method=com.android.dx.ssa.SCCP.simulateMath(Lcom/android/dx/ssa/SsaInsn;I)Lcom/android/dx/rop/cst/Constant; @ 67
Event: 15.203 Thread 0x0000000000e3d800 Uncommon trap: reason=bimorphic action=maybe_recompile pc=0x000000000f802bcc method=com.android.dx.cf.code.BytecodeArray.parseInstruction(ILcom/android/dx/cf/code/BytecodeArray$Visitor;)I @ 2484
Event: 15.203 Thread 0x0000000000e3d800 Uncommon trap: reason=bimorphic action=maybe_recompile pc=0x000000000f802bcc method=com.android.dx.cf.code.BytecodeArray.parseInstruction(ILcom/android/dx/cf/code/BytecodeArray$Visitor;)I @ 2484

Internal exceptions (10 events):
Event: 8.118 Thread 0x0000000000e3d800 Exception <a 'java/security/PrivilegedActionException'> (0x00000000eab32cc8) thrown at [D:\re\workspace\8-2-build-windows-amd64-cygwin\jdk8u20\1074\hotspot\src\share\vm\prims\jvm.cpp, line 1275]
Event: 8.119 Thread 0x0000000000e3d800 Exception <a 'java/security/PrivilegedActionException'> (0x00000000eab360b8) thrown at [D:\re\workspace\8-2-build-windows-amd64-cygwin\jdk8u20\1074\hotspot\src\share\vm\prims\jvm.cpp, line 1275]
Event: 8.120 Thread 0x0000000000e3d800 Exception <a 'java/security/PrivilegedActionException'> (0x00000000eab39e98) thrown at [D:\re\workspace\8-2-build-windows-amd64-cygwin\jdk8u20\1074\hotspot\src\share\vm\prims\jvm.cpp, line 1275]
Event: 8.121 Thread 0x0000000000e3d800 Exception <a 'java/security/PrivilegedActionException'> (0x00000000eab3c458) thrown at [D:\re\workspace\8-2-build-windows-amd64-cygwin\jdk8u20\1074\hotspot\src\share\vm\prims\jvm.cpp, line 1275]
Event: 8.124 Thread 0x0000000000e3d800 Exception <a 'java/security/PrivilegedActionException'> (0x00000000eab46e60) thrown at [D:\re\workspace\8-2-build-windows-amd64-cygwin\jdk8u20\1074\hotspot\src\share\vm\prims\jvm.cpp, line 1275]
Event: 8.408 Thread 0x0000000000e3d800 Exception <a 'java/security/PrivilegedActionException'> (0x00000000ead1fac8) thrown at [D:\re\workspace\8-2-build-windows-amd64-cygwin\jdk8u20\1074\hotspot\src\share\vm\prims\jvm.cpp, line 1275]
Event: 8.444 Thread 0x0000000000e3d800 Exception <a 'java/security/PrivilegedActionException'> (0x00000000ead7fd28) thrown at [D:\re\workspace\8-2-build-windows-amd64-cygwin\jdk8u20\1074\hotspot\src\share\vm\prims\jvm.cpp, line 1275]
Event: 12.666 Thread 0x0000000000e3d800 Exception <a 'java/security/PrivilegedActionException'> (0x00000000eb6e04a0) thrown at [D:\re\workspace\8-2-build-windows-amd64-cygwin\jdk8u20\1074\hotspot\src\share\vm\prims\jvm.cpp, line 1275]
Event: 13.159 Thread 0x0000000000e3d800 Exception <a 'java/security/PrivilegedActionException'> (0x00000000eb9b4bf8) thrown at [D:\re\workspace\8-2-build-windows-amd64-cygwin\jdk8u20\1074\hotspot\src\share\vm\prims\jvm.cpp, line 1275]
Event: 13.177 Thread 0x0000000000e3d800 Exception <a 'java/security/PrivilegedActionException'> (0x00000000eb9bb518) thrown at [D:\re\workspace\8-2-build-windows-amd64-cygwin\jdk8u20\1074\hotspot\src\share\vm\prims\jvm.cpp, line 1275]

Events (10 events):
Event: 15.207 Thread 0x000000000619c800 flushing nmethod 0x000000000f5c84d0
Event: 15.208 Thread 0x000000000619c800 flushing nmethod 0x000000000f61f490
Event: 15.208 Thread 0x000000000619c800 flushing nmethod 0x000000000f627fd0
Event: 15.208 Thread 0x000000000619c800 flushing nmethod 0x000000000f65d450
Event: 15.716 Executing VM operation: ParallelGCFailedAllocation
Event: 16.269 Executing VM operation: ParallelGCFailedAllocation done
Event: 16.321 Thread 0x0000000000e3d800 DEOPT PACKING pc=0x000000000f6660c1 sp=0x000000000296e970
Event: 16.321 Thread 0x0000000000e3d800 DEOPT UNPACKING pc=0x000000000f0575bf sp=0x000000000296e7b8 mode 0
Event: 16.371 Thread 0x0000000000e3d800 DEOPT PACKING pc=0x000000000f6f8071 sp=0x000000000296ea40
Event: 16.371 Thread 0x0000000000e3d800 DEOPT UNPACKING pc=0x000000000f0575bf sp=0x000000000296e7d8 mode 0


Dynamic libraries:
0x00007ff7d0de0000 - 0x00007ff7d0e14000 	C:\Program Files\Java\jdk1.8.0_20\bin\java.exe
0x00007ffdb6850000 - 0x00007ffdb69fc000 	C:\Windows\SYSTEM32\ntdll.dll
0x00007ffdb4030000 - 0x00007ffdb416e000 	C:\Windows\system32\KERNEL32.DLL
0x00007ffdb3b20000 - 0x00007ffdb3c35000 	C:\Windows\system32\KERNELBASE.dll
0x00007ffdb2420000 - 0x00007ffdb24ae000 	C:\Windows\system32\apphelp.dll
0x00007ffda22a0000 - 0x00007ffda22f3000 	C:\Windows\AppPatch\AppPatch64\AcGenral.DLL
0x00007ffdb4770000 - 0x00007ffdb481a000 	C:\Windows\system32\msvcrt.dll
0x00007ffdb3810000 - 0x00007ffdb383e000 	C:\Windows\SYSTEM32\SspiCli.dll
0x00007ffdb6550000 - 0x00007ffdb65a4000 	C:\Windows\system32\SHLWAPI.dll
0x00007ffdb65c0000 - 0x00007ffdb6737000 	C:\Windows\system32\USER32.dll
0x00007ffdb5e00000 - 0x00007ffdb5f94000 	C:\Windows\system32\ole32.dll
0x00007ffdb48e0000 - 0x00007ffdb5df8000 	C:\Windows\system32\SHELL32.dll
0x00007ffdb2f90000 - 0x00007ffdb2fb1000 	C:\Windows\SYSTEM32\USERENV.dll
0x00007ffdb67a0000 - 0x00007ffdb684a000 	C:\Windows\system32\ADVAPI32.dll
0x00007ffdad920000 - 0x00007ffdad93e000 	C:\Windows\SYSTEM32\MPR.dll
0x00007ffdb6400000 - 0x00007ffdb6541000 	C:\Windows\system32\RPCRT4.dll
0x00007ffdb4880000 - 0x00007ffdb48d9000 	C:\Windows\SYSTEM32\sechost.dll
0x00007ffdb4320000 - 0x00007ffdb4531000 	C:\Windows\SYSTEM32\combase.dll
0x00007ffdb3ed0000 - 0x00007ffdb4021000 	C:\Windows\system32\GDI32.dll
0x00007ffdb39a0000 - 0x00007ffdb39b5000 	C:\Windows\SYSTEM32\profapi.dll
0x00007ffdb24c0000 - 0x00007ffdb2572000 	C:\Windows\SYSTEM32\SHCORE.dll
0x00007ffdb6240000 - 0x00007ffdb6276000 	C:\Windows\system32\IMM32.DLL
0x00007ffdb4600000 - 0x00007ffdb4751000 	C:\Windows\system32\MSCTF.dll
0x00007ffdb3960000 - 0x00007ffdb398f000 	C:\Windows\system32\nvinitx.dll
0x000000000f000000 - 0x000000000f006000 	C:\Program Files\NVIDIA Corporation\CoProcManager\_etoured.dll
0x00007ffdb15d0000 - 0x00007ffdb1603000 	C:\Program Files\NVIDIA Corporation\CoProcManager\nvd3d9wrapx.dll
0x00007ffdb6060000 - 0x00007ffdb623a000 	C:\Windows\system32\SETUPAPI.dll
0x00007ffdb3e80000 - 0x00007ffdb3ecf000 	C:\Windows\system32\CFGMGR32.dll
0x00007ffdb1540000 - 0x00007ffdb1563000 	C:\Program Files\NVIDIA Corporation\CoProcManager\nvdxgiwrapx.dll
0x00007ffdb18b0000 - 0x00007ffdb1b2b000 	C:\Windows\WinSxS\amd64_microsoft.windows.common-controls_6595b64144ccf1df_6.0.9600.17415_none_6240486fecbd8abb\COMCTL32.dll
0x000000006c570000 - 0x000000006c642000 	C:\Program Files\Java\jdk1.8.0_20\jre\bin\msvcr100.dll
0x000000006bd10000 - 0x000000006c568000 	C:\Program Files\Java\jdk1.8.0_20\jre\bin\server\jvm.dll
0x00007ffd99f30000 - 0x00007ffd99f39000 	C:\Windows\SYSTEM32\WSOCK32.dll
0x00007ffdb1b30000 - 0x00007ffdb1b52000 	C:\Windows\SYSTEM32\WINMM.dll
0x00007ffdb63e0000 - 0x00007ffdb63e7000 	C:\Windows\system32\PSAPI.DLL
0x00007ffdb6740000 - 0x00007ffdb679a000 	C:\Windows\system32\WS2_32.dll
0x00007ffdb1610000 - 0x00007ffdb163a000 	C:\Windows\SYSTEM32\WINMMBASE.dll
0x00007ffdb4760000 - 0x00007ffdb4769000 	C:\Windows\system32\NSI.dll
0x00007ffdb2790000 - 0x00007ffdb27b8000 	C:\Windows\SYSTEM32\DEVOBJ.dll
0x000000006bd00000 - 0x000000006bd0f000 	C:\Program Files\Java\jdk1.8.0_20\jre\bin\verify.dll
0x000000006bcd0000 - 0x000000006bcf8000 	C:\Program Files\Java\jdk1.8.0_20\jre\bin\java.dll
0x000000006bcb0000 - 0x000000006bcc6000 	C:\Program Files\Java\jdk1.8.0_20\jre\bin\zip.dll
0x00007ffdaddc0000 - 0x00007ffdadf4a000 	C:\Windows\SYSTEM32\dbghelp.dll

VM Arguments:
jvm_args: -Xmx1024M -Dfile.encoding=windows-1250 -Duser.country=US -Duser.language=en -Duser.variant 
java_command: com.android.dx.command.Main --dex --output C:\Users\Marcin\AndroidProjects\ProjectZPI\app\build\intermediates\pre-dexed\debug\classes-7687de0b6e61a8a7e2aab9441afec7ba67130eb5.jar C:\Users\Marcin\AndroidProjects\ProjectZPI\app\build\intermediates\exploded-aar\com.google.android.gms\play-services\6.5.87\classes.jar
java_class_path (initial): C:\Users\Marcin\AppData\Local\Android\sdk\build-tools\21.1.2\lib\dx.jar
Launcher Type: SUN_STANDARD

Environment Variables:
JAVA_HOME=C:\Windows\System32\java.exe
PATH=C:\OCAML\EMACS-23.3\BIN;C:\OCAML\BIN;C:\PROGRAM FILES (X86)\COMMON FILES\ARCHESTRA\;C:\PROGRAMDATA\ORACLE\JAVA\JAVAPATH;C:\PROGRAM FILES (X86)\NVIDIA CORPORATION\PHYSX\COMMON;C:\PROGRAM FILES (X86)\INTEL\ICLS CLIENT\;C:\PROGRAM FILES\INTEL\ICLS CLIENT\;C:\Windows\SYSTEM32;C:\Windows;C:\Windows\SYSTEM32\WBEM;C:\Windows\SYSTEM32\WINDOWSPOWERSHELL\V1.0\;C:\PROGRAM FILES\INTEL\INTEL(R) MANAGEMENT ENGINE COMPONENTS\DAL;C:\PROGRAM FILES (X86)\INTEL\INTEL(R) MANAGEMENT ENGINE COMPONENTS\DAL;C:\PROGRAM FILES\INTEL\INTEL(R) MANAGEMENT ENGINE COMPONENTS\IPT;C:\PROGRAM FILES (X86)\INTEL\INTEL(R) MANAGEMENT ENGINE COMPONENTS\IPT;C:\PROGRAM FILES (X86)\INTEL\OPENCL SDK\2.0\BIN\X86;C:\PROGRAM FILES (X86)\INTEL\OPENCL SDK\2.0\BIN\X64;C:\OPENSSL-WIN64\BIN\;C:\PROGRAM FILES\JAVA\JDK1.8.0_20\BIN\;C:\PROGRAM FILES\LENOVO\BLUETOOTH SOFTWARE\;C:\PROGRAM FILES\LENOVO\BLUETOOTH SOFTWARE\SYSWOW64;C:\PROGRAM FILES (X86)\WINDOWS KITS\8.1\WINDOWS PERFORMANCE TOOLKIT\;C:\PROGRAM FILES\MATLAB\R2013B\RUNTIME\WIN64;C:\PROGRAM FILES\MATLAB\R2013B\BIN;C:\PROGRAM FILES\MATLAB\R2013B\POLYSPACE\BIN;C:\Bluetooth Software\;C:\Bluetooth Software\syswow64;C:\Program Files (x86)\Windows Live\Shared;C:\Program Files\Microsoft SQL Server\120\Tools\Binn\;C:\MATLAB\R2014a\runtime\win64;C:\MATLAB\R2014a\bin;C:\MATLAB\R2014a\polyspace\bin
USERNAME=Marcin
OS=Windows_NT
PROCESSOR_IDENTIFIER=Intel64 Family 6 Model 42 Stepping 7, GenuineIntel



---------------  S Y S T E M  ---------------

OS: Windows 8.1 , 64 bit Build 9600 

CPU:total 4 (2 cores per cpu, 2 threads per core) family 6 model 42 stepping 7, cmov, cx8, fxsr, mmx, sse, sse2, sse3, ssse3, sse4.1, sse4.2, popcnt, avx, clmul, ht, tsc, tscinvbit

Memory: 4k page, physical 8245352k(257092k free), swap 9781352k(5692k free)

vm_info: Java HotSpot(TM) 64-Bit Server VM (25.20-b23) for windows-amd64 JRE (1.8.0_20-b26), built on Jul 30 2014 13:51:23 by "java_re" with MS VC++ 10.0 (VS2010)

time: Fri Mar 27 00:05:11 2015
elapsed time: 16 seconds (0d 0h 0m 16s)

